[INFO ] [2015-06-09 11:52:32] [SignalLogger$:register:47] Registered signal handlers for [TERM, HUP, INT]
  [INFO ] [2015-06-09 11:52:34] [Logging$class:logInfo:59] Changing view acls to: spark
  [INFO ] [2015-06-09 11:52:34] [Logging$class:logInfo:59] Changing modify acls to: spark
  [INFO ] [2015-06-09 11:52:34] [Logging$class:logInfo:59] SecurityManager: authentication disabled; ui acls disabled; users with view permissions: Set(spark); users with modify permissions: Set(spark)
  [INFO ] [2015-06-09 11:52:35] [Slf4jLogger$$anonfun$receive$1:applyOrElse:80] Slf4jLogger started
  [INFO ] [2015-06-09 11:52:36] [Slf4jLogger$$anonfun$receive$1$$anonfun$applyOrElse$3:apply$mcV$sp:74] Starting remoting
  [INFO ] [2015-06-09 11:52:37] [Slf4jLogger$$anonfun$receive$1$$anonfun$applyOrElse$3:apply$mcV$sp:74] Remoting started; listening on addresses :[akka.tcp://sparkMaster@spark1:7077]
  [INFO ] [2015-06-09 11:52:37] [Slf4jLogger$$anonfun$receive$1$$anonfun$applyOrElse$3:apply$mcV$sp:74] Remoting now listens on addresses: [akka.tcp://sparkMaster@spark1:7077]
  [INFO ] [2015-06-09 11:52:37] [Logging$class:logInfo:59] Successfully started service 'sparkMaster' on port 7077.
  [INFO ] [2015-06-09 11:52:38] [Logging$class:logInfo:59] Successfully started service on port 6066.
  [INFO ] [2015-06-09 11:52:38] [Logging$class:logInfo:59] Started REST server for submitting applications on port 6066
  [INFO ] [2015-06-09 11:52:38] [Logging$class:logInfo:59] Starting Spark master at spark://spark1:7077
  [INFO ] [2015-06-09 11:52:38] [Logging$class:logInfo:59] Running Spark version 1.3.1
  [INFO ] [2015-06-09 11:52:38] [Logging$class:logInfo:59] Successfully started service 'MasterUI' on port 8080.
  [INFO ] [2015-06-09 11:52:38] [Logging$class:logInfo:59] Started MasterWebUI at http://spark1:8080
  [INFO ] [2015-06-09 11:52:42] [Logging$class:logInfo:59] Registering worker spark2:50781 with 4 cores, 970.0 MB RAM
  [INFO ] [2015-06-09 11:52:42] [Logging$class:logInfo:59] I have been elected leader! New state: ALIVE
  [INFO ] [2015-06-09 11:52:42] [Logging$class:logInfo:59] Registering worker spark5:55380 with 4 cores, 970.0 MB RAM
  [INFO ] [2015-06-09 11:52:43] [Logging$class:logInfo:59] Registering worker spark4:35240 with 4 cores, 970.0 MB RAM
  [INFO ] [2015-06-09 11:52:48] [Logging$class:logInfo:59] Registering worker spark4:35240 with 4 cores, 970.0 MB RAM
  [INFO ] [2015-06-09 11:52:51] [Logging$class:logInfo:59] Registering worker spark2:50781 with 4 cores, 970.0 MB RAM
  [INFO ] [2015-06-09 11:57:15] [SignalLogger$:register:47] Registered signal handlers for [TERM, HUP, INT]
  [INFO ] [2015-06-09 11:57:16] [Logging$class:logInfo:59] Changing view acls to: spark
  [INFO ] [2015-06-09 11:57:16] [Logging$class:logInfo:59] Changing modify acls to: spark
  [INFO ] [2015-06-09 11:57:16] [Logging$class:logInfo:59] SecurityManager: authentication disabled; ui acls disabled; users with view permissions: Set(spark); users with modify permissions: Set(spark)
  